# JRE version: Java(TM) SE Runtime Environment (21.0.2+13) (build 21.0.2+13-LTS-58)
# Java VM: Java HotSpot(TM) 64-Bit Server VM (21.0.2+13-LTS-58, mixed mode, sharing, tiered, compressed oops, compressed class ptrs, g1 gc, windows-amd64)
GC Precious Log:
 CardTable entry size: 512
 Card Set container configuration: InlinePtr #cards 4 size 8 Array Of Cards #cards 32 size 80 Howl #buckets 8 coarsen threshold 7372 Howl Bitmap #cards 1024 size 144 coarsen threshold 921 Card regions per heap region 1 cards per card region 8192
 CPUs: 12 total, 12 available
 Memory: 7916M
 Large Page Support: Disabled
 NUMA Support: Disabled
 Compressed Oops: Enabled (Zero based)
 Heap Region Size: 4M
 Heap Min Capacity: 8M
 Heap Initial Capacity: 124M
 Heap Max Capacity: 8G
 Pre-touch: Disabled
 Parallel Workers: 10
 Concurrent Workers: 3
 Concurrent Refinement Workers: 10
 Periodic GC: Disabled
Heap:
 garbage-first heap   total 651264K, used 332175K [0x0000000600000000, 0x0000000800000000)
  region size 4096K, 2 young (8192K), 2 survivors (8192K)
 Metaspace       used 195638K, committed 198912K, reserved 1245184K
  class space    used 25918K, committed 27584K, reserved 1048576K
GC Heap History (20 events):
Event: 53.419 GC heap after
{Heap after GC invocations=56 (full 0):
 garbage-first heap   total 483328K, used 298265K [0x0000000600000000, 0x0000000800000000)
  region size 4096K, 5 young (20480K), 5 survivors (20480K)
 Metaspace       used 137973K, committed 140800K, reserved 1179648K
  class space    used 19514K, committed 20928K, reserved 1048576K
}
Event: 53.923 GC heap before
{Heap before GC invocations=56 (full 0):
 garbage-first heap   total 483328K, used 322841K [0x0000000600000000, 0x0000000800000000)
  region size 4096K, 12 young (49152K), 5 survivors (20480K)
 Metaspace       used 141474K, committed 144320K, reserved 1179648K
  class space    used 19915K, committed 21312K, reserved 1048576K
}
Event: 53.941 GC heap after
{Heap after GC invocations=57 (full 0):
 garbage-first heap   total 483328K, used 304485K [0x0000000600000000, 0x0000000800000000)
  region size 4096K, 1 young (4096K), 1 survivors (4096K)
 Metaspace       used 141474K, committed 144320K, reserved 1179648K
  class space    used 19915K, committed 21312K, reserved 1048576K
}
Event: 56.796 GC heap before
{Heap before GC invocations=58 (full 0):
 garbage-first heap   total 540672K, used 447845K [0x0000000600000000, 0x0000000800000000)
  region size 4096K, 34 young (139264K), 1 survivors (4096K)
 Metaspace       used 156160K, committed 159360K, reserved 1245184K
  class space    used 21635K, committed 23232K, reserved 1048576K
}
Event: 56.812 GC heap after
{Heap after GC invocations=59 (full 0):
 garbage-first heap   total 540672K, used 320065K [0x0000000600000000, 0x0000000800000000)
  region size 4096K, 3 young (12288K), 3 survivors (12288K)
 Metaspace       used 156160K, committed 159360K, reserved 1245184K
  class space    used 21635K, committed 23232K, reserved 1048576K
}
Event: 61.674 GC heap before
{Heap before GC invocations=59 (full 0):
 garbage-first heap   total 540672K, used 483905K [0x0000000600000000, 0x0000000800000000)
  region size 4096K, 43 young (176128K), 3 survivors (12288K)
 Metaspace       used 163615K, committed 166784K, reserved 1245184K
  class space    used 22405K, committed 24000K, reserved 1048576K
}
Event: 61.711 GC heap after
{Heap after GC invocations=60 (full 0):
 garbage-first heap   total 540672K, used 287966K [0x0000000600000000, 0x0000000800000000)
  region size 4096K, 6 young (24576K), 6 survivors (24576K)
 Metaspace       used 163615K, committed 166784K, reserved 1245184K
  class space    used 22405K, committed 24000K, reserved 1048576K
}
Event: 66.234 GC heap before
{Heap before GC invocations=60 (full 0):
 garbage-first heap   total 540672K, used 476382K [0x0000000600000000, 0x0000000800000000)
  region size 4096K, 52 young (212992K), 6 survivors (24576K)
 Metaspace       used 181391K, committed 184704K, reserved 1245184K
  class space    used 24146K, committed 25792K, reserved 1048576K
}
Event: 66.307 GC heap after
{Heap after GC invocations=61 (full 0):
 garbage-first heap   total 540672K, used 278849K [0x0000000600000000, 0x0000000800000000)
  region size 4096K, 7 young (28672K), 7 survivors (28672K)
 Metaspace       used 181391K, committed 184704K, reserved 1245184K
  class space    used 24146K, committed 25792K, reserved 1048576K
}
Event: 86.666 GC heap before
{Heap before GC invocations=61 (full 0):
 garbage-first heap   total 540672K, used 475457K [0x0000000600000000, 0x0000000800000000)
  region size 4096K, 55 young (225280K), 7 survivors (28672K)
 Metaspace       used 194200K, committed 197568K, reserved 1245184K
  class space    used 25693K, committed 27392K, reserved 1048576K
}
Event: 86.751 GC heap after
{Heap after GC invocations=62 (full 0):
 garbage-first heap   total 651264K, used 288429K [0x0000000600000000, 0x0000000800000000)
  region size 4096K, 5 young (20480K), 5 survivors (20480K)
 Metaspace       used 194200K, committed 197568K, reserved 1245184K
  class space    used 25693K, committed 27392K, reserved 1048576K
}
Event: 124.427 GC heap before
{Heap before GC invocations=62 (full 0):
 garbage-first heap   total 651264K, used 558765K [0x0000000600000000, 0x0000000800000000)
  region size 4096K, 72 young (294912K), 5 survivors (20480K)
 Metaspace       used 194592K, committed 197952K, reserved 1245184K
  class space    used 25785K, committed 27456K, reserved 1048576K
}
Event: 125.164 GC heap after
{Heap after GC invocations=63 (full 0):
 garbage-first heap   total 651264K, used 297004K [0x0000000600000000, 0x0000000800000000)
  region size 4096K, 5 young (20480K), 5 survivors (20480K)
 Metaspace       used 194592K, committed 197952K, reserved 1245184K
  class space    used 25785K, committed 27456K, reserved 1048576K
}
Event: 126.429 GC heap before
{Heap before GC invocations=63 (full 0):
 garbage-first heap   total 651264K, used 399404K [0x0000000600000000, 0x0000000800000000)
  region size 4096K, 30 young (122880K), 5 survivors (20480K)
 Metaspace       used 194614K, committed 197952K, reserved 1245184K
  class space    used 25790K, committed 27456K, reserved 1048576K
}
Event: 126.526 GC heap after
{Heap after GC invocations=64 (full 0):
 garbage-first heap   total 651264K, used 302511K [0x0000000600000000, 0x0000000800000000)
  region size 4096K, 4 young (16384K), 4 survivors (16384K)
 Metaspace       used 194614K, committed 197952K, reserved 1245184K
  class space    used 25790K, committed 27456K, reserved 1048576K
}
Event: 133.475 GC heap before
{Heap before GC invocations=64 (full 0):
 garbage-first heap   total 651264K, used 589231K [0x0000000600000000, 0x0000000800000000)
  region size 4096K, 75 young (307200K), 4 survivors (16384K)
 Metaspace       used 194711K, committed 198016K, reserved 1245184K
  class space    used 25805K, committed 27456K, reserved 1048576K
}
Event: 133.669 GC heap after
{Heap after GC invocations=65 (full 0):
 garbage-first heap   total 651264K, used 320710K [0x0000000600000000, 0x0000000800000000)
  region size 4096K, 8 young (32768K), 8 survivors (32768K)
 Metaspace       used 194711K, committed 198016K, reserved 1245184K
  class space    used 25805K, committed 27456K, reserved 1048576K
}
Event: 140.033 GC heap before
{Heap before GC invocations=65 (full 0):
 garbage-first heap   total 651264K, used 365766K [0x0000000600000000, 0x0000000800000000)
  region size 4096K, 20 young (81920K), 8 survivors (32768K)
 Metaspace       used 195407K, committed 198784K, reserved 1245184K
  class space    used 25909K, committed 27584K, reserved 1048576K
}
Event: 140.248 GC heap after
{Heap after GC invocations=66 (full 0):
 garbage-first heap   total 651264K, used 328758K [0x0000000600000000, 0x0000000800000000)
  region size 4096K, 3 young (12288K), 3 survivors (12288K)
 Metaspace       used 195407K, committed 198784K, reserved 1245184K
  class space    used 25909K, committed 27584K, reserved 1048576K
}
Event: 141.833 GC heap before
{Heap before GC invocations=66 (full 0):
 garbage-first heap   total 651264K, used 422966K [0x0000000600000000, 0x0000000800000000)
  region size 4096K, 27 young (110592K), 3 survivors (12288K)
 Metaspace       used 195638K, committed 198912K, reserved 1245184K
  class space    used 25918K, committed 27584K, reserved 1048576K
}

