# JRE version: Java(TM) SE Runtime Environment (21.0.2+13) (build 21.0.2+13-LTS-58)
# Java VM: Java HotSpot(TM) 64-Bit Server VM (21.0.2+13-LTS-58, mixed mode, sharing, tiered, compressed oops, compressed class ptrs, g1 gc, windows-amd64)
GC Precious Log:
 CardTable entry size: 512
 Card Set container configuration: InlinePtr #cards 4 size 8 Array Of Cards #cards 16 size 48 Howl #buckets 8 coarsen threshold 3686 Howl Bitmap #cards 512 size 80 coarsen threshold 460 Card regions per heap region 1 cards per card region 4096
 CPUs: 12 total, 12 available
 Memory: 7916M
 Large Page Support: Disabled
 NUMA Support: Disabled
 Compressed Oops: Enabled (Zero based)
 Heap Region Size: 2M
 Heap Min Capacity: 8M
 Heap Initial Capacity: 124M
 Heap Max Capacity: 4G
 Pre-touch: Disabled
 Parallel Workers: 10
 Concurrent Workers: 3
 Concurrent Refinement Workers: 10
 Periodic GC: Disabled
Heap:
 garbage-first heap   total 133120K, used 114291K [0x0000000700000000, 0x0000000800000000)
  region size 2048K, 21 young (43008K), 3 survivors (6144K)
 Metaspace       used 80758K, committed 83008K, reserved 983040K
  class space    used 11627K, committed 12736K, reserved 851968K
GC Heap History (20 events):
Event: 9.867 GC heap before
{Heap before GC invocations=11 (full 0):
 garbage-first heap   total 131072K, used 100059K [0x0000000700000000, 0x0000000800000000)
  region size 2048K, 36 young (73728K), 4 survivors (8192K)
 Metaspace       used 44477K, committed 46016K, reserved 917504K
  class space    used 6193K, committed 6976K, reserved 851968K
}
Event: 9.875 GC heap after
{Heap after GC invocations=12 (full 0):
 garbage-first heap   total 131072K, used 39737K [0x0000000700000000, 0x0000000800000000)
  region size 2048K, 4 young (8192K), 4 survivors (8192K)
 Metaspace       used 44477K, committed 46016K, reserved 917504K
  class space    used 6193K, committed 6976K, reserved 851968K
}
Event: 10.847 GC heap before
{Heap before GC invocations=12 (full 0):
 garbage-first heap   total 131072K, used 107321K [0x0000000700000000, 0x0000000800000000)
  region size 2048K, 37 young (75776K), 4 survivors (8192K)
 Metaspace       used 49087K, committed 50880K, reserved 917504K
  class space    used 6929K, committed 7808K, reserved 851968K
}
Event: 10.855 GC heap after
{Heap after GC invocations=13 (full 0):
 garbage-first heap   total 131072K, used 43336K [0x0000000700000000, 0x0000000800000000)
  region size 2048K, 4 young (8192K), 4 survivors (8192K)
 Metaspace       used 49087K, committed 50880K, reserved 917504K
  class space    used 6929K, committed 7808K, reserved 851968K
}
Event: 12.094 GC heap before
{Heap before GC invocations=13 (full 0):
 garbage-first heap   total 131072K, used 106824K [0x0000000700000000, 0x0000000800000000)
  region size 2048K, 36 young (73728K), 4 survivors (8192K)
 Metaspace       used 54022K, committed 55872K, reserved 917504K
  class space    used 7735K, committed 8640K, reserved 851968K
}
Event: 12.106 GC heap after
{Heap after GC invocations=14 (full 0):
 garbage-first heap   total 131072K, used 48860K [0x0000000700000000, 0x0000000800000000)
  region size 2048K, 5 young (10240K), 5 survivors (10240K)
 Metaspace       used 54022K, committed 55872K, reserved 917504K
  class space    used 7735K, committed 8640K, reserved 851968K
}
Event: 13.393 GC heap before
{Heap before GC invocations=14 (full 0):
 garbage-first heap   total 131072K, used 118492K [0x0000000700000000, 0x0000000800000000)
  region size 2048K, 35 young (71680K), 5 survivors (10240K)
 Metaspace       used 58198K, committed 60224K, reserved 917504K
  class space    used 8425K, committed 9408K, reserved 851968K
}
Event: 13.402 GC heap after
{Heap after GC invocations=15 (full 0):
 garbage-first heap   total 133120K, used 60725K [0x0000000700000000, 0x0000000800000000)
  region size 2048K, 3 young (6144K), 3 survivors (6144K)
 Metaspace       used 58198K, committed 60224K, reserved 917504K
  class space    used 8425K, committed 9408K, reserved 851968K
}
Event: 13.467 GC heap before
{Heap before GC invocations=15 (full 0):
 garbage-first heap   total 133120K, used 64821K [0x0000000700000000, 0x0000000800000000)
  region size 2048K, 6 young (12288K), 3 survivors (6144K)
 Metaspace       used 58617K, committed 60608K, reserved 917504K
  class space    used 8474K, committed 9472K, reserved 851968K
}
Event: 13.473 GC heap after
{Heap after GC invocations=16 (full 0):
 garbage-first heap   total 133120K, used 61547K [0x0000000700000000, 0x0000000800000000)
  region size 2048K, 1 young (2048K), 1 survivors (2048K)
 Metaspace       used 58617K, committed 60608K, reserved 917504K
  class space    used 8474K, committed 9472K, reserved 851968K
}
Event: 14.301 GC heap before
{Heap before GC invocations=17 (full 0):
 garbage-first heap   total 133120K, used 112747K [0x0000000700000000, 0x0000000800000000)
  region size 2048K, 27 young (55296K), 1 survivors (2048K)
 Metaspace       used 64437K, committed 66496K, reserved 917504K
  class space    used 9246K, committed 10304K, reserved 851968K
}
Event: 14.305 GC heap after
{Heap after GC invocations=18 (full 0):
 garbage-first heap   total 133120K, used 62258K [0x0000000700000000, 0x0000000800000000)
  region size 2048K, 1 young (2048K), 1 survivors (2048K)
 Metaspace       used 64437K, committed 66496K, reserved 917504K
  class space    used 9246K, committed 10304K, reserved 851968K
}
Event: 15.066 GC heap before
{Heap before GC invocations=18 (full 0):
 garbage-first heap   total 133120K, used 119602K [0x0000000700000000, 0x0000000800000000)
  region size 2048K, 28 young (57344K), 1 survivors (2048K)
 Metaspace       used 68115K, committed 70208K, reserved 917504K
  class space    used 9750K, committed 10816K, reserved 851968K
}
Event: 15.073 GC heap after
{Heap after GC invocations=19 (full 0):
 garbage-first heap   total 133120K, used 68352K [0x0000000700000000, 0x0000000800000000)
  region size 2048K, 3 young (6144K), 3 survivors (6144K)
 Metaspace       used 68115K, committed 70208K, reserved 917504K
  class space    used 9750K, committed 10816K, reserved 851968K
}
Event: 16.067 GC heap before
{Heap before GC invocations=19 (full 0):
 garbage-first heap   total 133120K, used 113408K [0x0000000700000000, 0x0000000800000000)
  region size 2048K, 26 young (53248K), 3 survivors (6144K)
 Metaspace       used 70579K, committed 72704K, reserved 917504K
  class space    used 10101K, committed 11136K, reserved 851968K
}
Event: 16.075 GC heap after
{Heap after GC invocations=20 (full 0):
 garbage-first heap   total 133120K, used 72723K [0x0000000700000000, 0x0000000800000000)
  region size 2048K, 4 young (8192K), 4 survivors (8192K)
 Metaspace       used 70579K, committed 72704K, reserved 917504K
  class space    used 10101K, committed 11136K, reserved 851968K
}
Event: 17.136 GC heap before
{Heap before GC invocations=21 (full 0):
 garbage-first heap   total 133120K, used 115731K [0x0000000700000000, 0x0000000800000000)
  region size 2048K, 25 young (51200K), 4 survivors (8192K)
 Metaspace       used 73681K, committed 75776K, reserved 917504K
  class space    used 10573K, committed 11648K, reserved 851968K
}
Event: 17.147 GC heap after
{Heap after GC invocations=22 (full 0):
 garbage-first heap   total 133120K, used 76299K [0x0000000700000000, 0x0000000800000000)
  region size 2048K, 2 young (4096K), 2 survivors (4096K)
 Metaspace       used 73681K, committed 75776K, reserved 917504K
  class space    used 10573K, committed 11648K, reserved 851968K
}
Event: 18.381 GC heap before
{Heap before GC invocations=22 (full 0):
 garbage-first heap   total 133120K, used 117259K [0x0000000700000000, 0x0000000800000000)
  region size 2048K, 23 young (47104K), 2 survivors (4096K)
 Metaspace       used 76570K, committed 78784K, reserved 983040K
  class space    used 11063K, committed 12160K, reserved 851968K
}
Event: 18.391 GC heap after
{Heap after GC invocations=23 (full 0):
 garbage-first heap   total 133120K, used 79475K [0x0000000700000000, 0x0000000800000000)
  region size 2048K, 3 young (6144K), 3 survivors (6144K)
 Metaspace       used 76570K, committed 78784K, reserved 983040K
  class space    used 11063K, committed 12160K, reserved 851968K
}

