# JRE version: Java(TM) SE Runtime Environment (21.0.2+13) (build 21.0.2+13-LTS-58)
# Java VM: Java HotSpot(TM) 64-Bit Server VM (21.0.2+13-LTS-58, mixed mode, sharing, tiered, compressed oops, compressed class ptrs, g1 gc, windows-amd64)
GC Precious Log:
 CardTable entry size: 512
 Card Set container configuration: InlinePtr #cards 4 size 8 Array Of Cards #cards 32 size 80 Howl #buckets 8 coarsen threshold 7372 Howl Bitmap #cards 1024 size 144 coarsen threshold 921 Card regions per heap region 1 cards per card region 8192
 CPUs: 12 total, 12 available
 Memory: 7916M
 Large Page Support: Disabled
 NUMA Support: Disabled
 Compressed Oops: Enabled (Zero based)
 Heap Region Size: 4M
 Heap Min Capacity: 8M
 Heap Initial Capacity: 124M
 Heap Max Capacity: 8G
 Pre-touch: Disabled
 Parallel Workers: 10
 Concurrent Workers: 3
 Concurrent Refinement Workers: 10
 Periodic GC: Disabled
Heap:
 garbage-first heap   total 122880K, used 92667K [0x0000000600000000, 0x0000000800000000)
  region size 4096K, 9 young (36864K), 2 survivors (8192K)
 Metaspace       used 72187K, committed 74304K, reserved 1114112K
  class space    used 10439K, committed 11456K, reserved 1048576K
GC Heap History (20 events):
Event: 13.983 GC heap before
{Heap before GC invocations=11 (full 0):
 garbage-first heap   total 106496K, used 87111K [0x0000000600000000, 0x0000000800000000)
  region size 4096K, 14 young (57344K), 2 survivors (8192K)
 Metaspace       used 47577K, committed 49280K, reserved 1114112K
  class space    used 6835K, committed 7680K, reserved 1048576K
}
Event: 13.989 GC heap after
{Heap after GC invocations=12 (full 0):
 garbage-first heap   total 106496K, used 41030K [0x0000000600000000, 0x0000000800000000)
  region size 4096K, 2 young (8192K), 2 survivors (8192K)
 Metaspace       used 47577K, committed 49280K, reserved 1114112K
  class space    used 6835K, committed 7680K, reserved 1048576K
}
Event: 15.285 GC heap before
{Heap before GC invocations=12 (full 0):
 garbage-first heap   total 106496K, used 86086K [0x0000000600000000, 0x0000000800000000)
  region size 4096K, 13 young (53248K), 2 survivors (8192K)
 Metaspace       used 51093K, committed 52864K, reserved 1114112K
  class space    used 7382K, committed 8256K, reserved 1048576K
}
Event: 15.297 GC heap after
{Heap after GC invocations=13 (full 0):
 garbage-first heap   total 106496K, used 45642K [0x0000000600000000, 0x0000000800000000)
  region size 4096K, 2 young (8192K), 2 survivors (8192K)
 Metaspace       used 51093K, committed 52864K, reserved 1114112K
  class space    used 7382K, committed 8256K, reserved 1048576K
}
Event: 16.117 GC heap before
{Heap before GC invocations=13 (full 0):
 garbage-first heap   total 106496K, used 86602K [0x0000000600000000, 0x0000000800000000)
  region size 4096K, 12 young (49152K), 2 survivors (8192K)
 Metaspace       used 53460K, committed 55296K, reserved 1114112K
  class space    used 7739K, committed 8640K, reserved 1048576K
}
Event: 16.125 GC heap after
{Heap after GC invocations=14 (full 0):
 garbage-first heap   total 106496K, used 47523K [0x0000000600000000, 0x0000000800000000)
  region size 4096K, 1 young (4096K), 1 survivors (4096K)
 Metaspace       used 53460K, committed 55296K, reserved 1114112K
  class space    used 7739K, committed 8640K, reserved 1048576K
}
Event: 16.652 GC heap before
{Heap before GC invocations=14 (full 0):
 garbage-first heap   total 106496K, used 63907K [0x0000000600000000, 0x0000000800000000)
  region size 4096K, 7 young (28672K), 1 survivors (4096K)
 Metaspace       used 55082K, committed 57024K, reserved 1114112K
  class space    used 8021K, committed 8960K, reserved 1048576K
}
Event: 16.658 GC heap after
{Heap after GC invocations=15 (full 0):
 garbage-first heap   total 106496K, used 51459K [0x0000000600000000, 0x0000000800000000)
  region size 4096K, 2 young (8192K), 2 survivors (8192K)
 Metaspace       used 55082K, committed 57024K, reserved 1114112K
  class space    used 8021K, committed 8960K, reserved 1048576K
}
Event: 17.108 GC heap before
{Heap before GC invocations=15 (full 0):
 garbage-first heap   total 106496K, used 84227K [0x0000000600000000, 0x0000000800000000)
  region size 4096K, 10 young (40960K), 2 survivors (8192K)
 Metaspace       used 58405K, committed 60288K, reserved 1114112K
  class space    used 8463K, committed 9408K, reserved 1048576K
}
Event: 17.115 GC heap after
{Heap after GC invocations=16 (full 0):
 garbage-first heap   total 106496K, used 57510K [0x0000000600000000, 0x0000000800000000)
  region size 4096K, 2 young (8192K), 2 survivors (8192K)
 Metaspace       used 58405K, committed 60288K, reserved 1114112K
  class space    used 8463K, committed 9408K, reserved 1048576K
}
Event: 17.859 GC heap before
{Heap before GC invocations=17 (full 0):
 garbage-first heap   total 110592K, used 86182K [0x0000000600000000, 0x0000000800000000)
  region size 4096K, 9 young (36864K), 2 survivors (8192K)
 Metaspace       used 61684K, committed 63680K, reserved 1114112K
  class space    used 8894K, committed 9856K, reserved 1048576K
}
Event: 17.864 GC heap after
{Heap after GC invocations=18 (full 0):
 garbage-first heap   total 110592K, used 58782K [0x0000000600000000, 0x0000000800000000)
  region size 4096K, 1 young (4096K), 1 survivors (4096K)
 Metaspace       used 61684K, committed 63680K, reserved 1114112K
  class space    used 8894K, committed 9856K, reserved 1048576K
}
Event: 18.549 GC heap before
{Heap before GC invocations=18 (full 0):
 garbage-first heap   total 110592K, used 99742K [0x0000000600000000, 0x0000000800000000)
  region size 4096K, 10 young (40960K), 1 survivors (4096K)
 Metaspace       used 64281K, committed 66240K, reserved 1114112K
  class space    used 9236K, committed 10176K, reserved 1048576K
}
Event: 18.556 GC heap after
{Heap after GC invocations=19 (full 0):
 garbage-first heap   total 114688K, used 63970K [0x0000000600000000, 0x0000000800000000)
  region size 4096K, 2 young (8192K), 2 survivors (8192K)
 Metaspace       used 64281K, committed 66240K, reserved 1114112K
  class space    used 9236K, committed 10176K, reserved 1048576K
}
Event: 19.050 GC heap before
{Heap before GC invocations=19 (full 0):
 garbage-first heap   total 114688K, used 92642K [0x0000000600000000, 0x0000000800000000)
  region size 4096K, 9 young (36864K), 2 survivors (8192K)
 Metaspace       used 66024K, committed 68032K, reserved 1114112K
  class space    used 9500K, committed 10496K, reserved 1048576K
}
Event: 19.055 GC heap after
{Heap after GC invocations=20 (full 0):
 garbage-first heap   total 114688K, used 65029K [0x0000000600000000, 0x0000000800000000)
  region size 4096K, 2 young (8192K), 2 survivors (8192K)
 Metaspace       used 66024K, committed 68032K, reserved 1114112K
  class space    used 9500K, committed 10496K, reserved 1048576K
}
Event: 20.660 GC heap before
{Heap before GC invocations=21 (full 0):
 garbage-first heap   total 122880K, used 93701K [0x0000000600000000, 0x0000000800000000)
  region size 4096K, 9 young (36864K), 2 survivors (8192K)
 Metaspace       used 67189K, committed 69120K, reserved 1114112K
  class space    used 9665K, committed 10624K, reserved 1048576K
}
Event: 20.671 GC heap after
{Heap after GC invocations=22 (full 0):
 garbage-first heap   total 122880K, used 68482K [0x0000000600000000, 0x0000000800000000)
  region size 4096K, 2 young (8192K), 2 survivors (8192K)
 Metaspace       used 67189K, committed 69120K, reserved 1114112K
  class space    used 9665K, committed 10624K, reserved 1048576K
}
Event: 21.635 GC heap before
{Heap before GC invocations=22 (full 0):
 garbage-first heap   total 122880K, used 105346K [0x0000000600000000, 0x0000000800000000)
  region size 4096K, 11 young (45056K), 2 survivors (8192K)
 Metaspace       used 69952K, committed 71936K, reserved 1114112K
  class space    used 10033K, committed 11008K, reserved 1048576K
}
Event: 21.643 GC heap after
{Heap after GC invocations=23 (full 0):
 garbage-first heap   total 122880K, used 68091K [0x0000000600000000, 0x0000000800000000)
  region size 4096K, 2 young (8192K), 2 survivors (8192K)
 Metaspace       used 69952K, committed 71936K, reserved 1114112K
  class space    used 10033K, committed 11008K, reserved 1048576K
}

